<?xml version="1.0" encoding="UTF-8"?>
<!-- Generated by org.testng.reporters.JUnitReportReporter -->
<testsuite skipped="0" hostname="LAPTOP-TL166BMP" name="script.TestB" tests="3" failures="0" timestamp="01 Apr 2019 12:24:58 GMT" time="0.030" errors="0">
  <testcase name="testA2" time="0.006" classname="script.TestB"/>
  <testcase name="testA3" time="0.001" classname="script.TestB"/>
  <testcase name="testA1" time="0.023" classname="script.TestB"/>
</testsuite> <!-- script.TestB -->
