<?xml version="1.0" encoding="UTF-8"?>
<!-- Generated by org.testng.reporters.JUnitReportReporter -->
<testsuite skipped="0" hostname="LAPTOP-TL166BMP" name="TY.DemoUrban2" tests="1" failures="0" timestamp="17 Mar 2019 07:30:47 GMT" time="211.455" errors="0">
  <testcase name="Run" time="211.455" classname="TY.DemoUrban2"/>
</testsuite> <!-- TY.DemoUrban2 -->
