<?xml version="1.0" encoding="UTF-8"?>
<!-- Generated by org.testng.reporters.JUnitReportReporter -->
<testsuite skipped="0" hostname="LAPTOP-TL166BMP" name="Naukari1" tests="1" failures="0" timestamp="18 Mar 2019 04:54:03 GMT" time="40.456" errors="0">
  <testcase name="printTitle" time="40.456" classname="Naukari1"/>
</testsuite> <!-- Naukari1 -->
