<?xml version="1.0" encoding="UTF-8"?>
<!-- Generated by org.testng.reporters.JUnitReportReporter -->
<testsuite skipped="0" hostname="LAPTOP-TL166BMP" name="script.CheckIssueDate" tests="1" failures="0" timestamp="15 Jan 2019 17:03:53 GMT" time="46.154" errors="0">
  <testcase name="testCheckIssueDate" time="46.154" classname="script.CheckIssueDate"/>
</testsuite> <!-- script.CheckIssueDate -->
